[2023-08-07 04:07:33,936] {taskinstance.py:903} INFO - Dependencies all met for <TaskInstance: my_dag.CWLJobGatherer 2023-08-07T04:07:19.354670+00:00 [queued]>
[2023-08-07 04:07:33,961] {taskinstance.py:903} INFO - Dependencies all met for <TaskInstance: my_dag.CWLJobGatherer 2023-08-07T04:07:19.354670+00:00 [queued]>
[2023-08-07 04:07:33,962] {taskinstance.py:1095} INFO - 
--------------------------------------------------------------------------------
[2023-08-07 04:07:33,963] {taskinstance.py:1096} INFO - Starting attempt 1 of 1
[2023-08-07 04:07:33,964] {taskinstance.py:1097} INFO - 
--------------------------------------------------------------------------------
[2023-08-07 04:07:33,973] {taskinstance.py:1115} INFO - Executing <Task(CWLJobGatherer): CWLJobGatherer> on 2023-08-07T04:07:19.354670+00:00
[2023-08-07 04:07:33,977] {standard_task_runner.py:52} INFO - Started process 2250 to run task
[2023-08-07 04:07:33,981] {standard_task_runner.py:76} INFO - Running: ['***', 'tasks', 'run', 'my_dag', 'CWLJobGatherer', '2023-08-07T04:07:19.354670+00:00', '--job-id', '5', '--pool', 'default_pool', '--raw', '--subdir', 'DAGS_FOLDER/clean_dag_run.py', '--cfg-path', '/tmp/tmp8jjy8svv', '--error-file', '/tmp/tmp4dfrfwia']
[2023-08-07 04:07:33,983] {standard_task_runner.py:77} INFO - Job 5: Subtask CWLJobGatherer
[2023-08-07 04:07:34,061] {logging_mixin.py:109} INFO - Running <TaskInstance: my_dag.CWLJobGatherer 2023-08-07T04:07:19.354670+00:00 [running]> on host 6bdaf17f77fb
[2023-08-07 04:07:34,159] {taskinstance.py:1252} INFO - Exporting the following env vars:
AIRFLOW_CTX_DAG_OWNER=***
AIRFLOW_CTX_DAG_ID=my_dag
AIRFLOW_CTX_TASK_ID=CWLJobGatherer
AIRFLOW_CTX_EXECUTION_DATE=2023-08-07T04:07:19.354670+00:00
AIRFLOW_CTX_DAG_RUN_ID=manual__2023-08-07T04:07:19.354670+00:00
[2023-08-07 04:07:34,314] {taskinstance.py:1212} INFO - Marking task as SUCCESS. dag_id=my_dag, task_id=CWLJobGatherer, execution_date=20230807T040719, start_date=20230807T040733, end_date=20230807T040734
[2023-08-07 04:07:34,356] {local_task_job.py:151} INFO - Task exited with return code 0
[2023-08-07 04:07:34,490] {report.py:61} INFO - CWL LOGS
[2023-08-07 04:07:34,491] {report.py:62} INFO - *** Reading local file: /Users/john.mcauliffe/documents/project1/logs/my_dag/CWLJobGatherer/2023-08-07T04:07:19.354670+00:00/1.log.cwl

[2023-08-07 04:07:34,513] {local_task_job.py:261} INFO - 0 downstream tasks scheduled from follow-on schedule check
