[2023-08-07 04:07:25,387] {taskinstance.py:903} INFO - Dependencies all met for <TaskInstance: my_dag.echo 2023-08-07T04:07:19.354670+00:00 [queued]>
[2023-08-07 04:07:25,417] {taskinstance.py:903} INFO - Dependencies all met for <TaskInstance: my_dag.echo 2023-08-07T04:07:19.354670+00:00 [queued]>
[2023-08-07 04:07:25,419] {taskinstance.py:1095} INFO - 
--------------------------------------------------------------------------------
[2023-08-07 04:07:25,420] {taskinstance.py:1096} INFO - Starting attempt 1 of 1
[2023-08-07 04:07:25,421] {taskinstance.py:1097} INFO - 
--------------------------------------------------------------------------------
[2023-08-07 04:07:25,436] {taskinstance.py:1115} INFO - Executing <Task(CWLStepOperator): echo> on 2023-08-07T04:07:19.354670+00:00
[2023-08-07 04:07:25,441] {standard_task_runner.py:52} INFO - Started process 2212 to run task
[2023-08-07 04:07:25,446] {standard_task_runner.py:76} INFO - Running: ['***', 'tasks', 'run', 'my_dag', 'echo', '2023-08-07T04:07:19.354670+00:00', '--job-id', '3', '--pool', 'default_pool', '--raw', '--subdir', 'DAGS_FOLDER/clean_dag_run.py', '--cfg-path', '/tmp/tmpa7vmhsca', '--error-file', '/tmp/tmp_jvyp0_2']
[2023-08-07 04:07:25,448] {standard_task_runner.py:77} INFO - Job 3: Subtask echo
[2023-08-07 04:07:25,543] {logging_mixin.py:109} INFO - Running <TaskInstance: my_dag.echo 2023-08-07T04:07:19.354670+00:00 [running]> on host 6bdaf17f77fb
[2023-08-07 04:07:25,647] {taskinstance.py:1252} INFO - Exporting the following env vars:
AIRFLOW_CTX_DAG_OWNER=***
AIRFLOW_CTX_DAG_ID=my_dag
AIRFLOW_CTX_TASK_ID=echo
AIRFLOW_CTX_EXECUTION_DATE=2023-08-07T04:07:19.354670+00:00
AIRFLOW_CTX_DAG_RUN_ID=manual__2023-08-07T04:07:19.354670+00:00
[2023-08-07 04:07:27,410] {taskinstance.py:1212} INFO - Marking task as SUCCESS. dag_id=my_dag, task_id=echo, execution_date=20230807T040719, start_date=20230807T040725, end_date=20230807T040727
[2023-08-07 04:07:27,473] {local_task_job.py:151} INFO - Task exited with return code 0
[2023-08-07 04:07:27,628] {report.py:61} INFO - CWL LOGS
[2023-08-07 04:07:27,629] {report.py:62} INFO - *** Reading local file: /Users/john.mcauliffe/documents/project1/logs/my_dag/echo/2023-08-07T04:07:19.354670+00:00/1.log.cwl
[2023-08-07 04:07:25,781] {load_tool.py:101} INFO - Resolved '/Users/john.mcauliffe/documents/project1/cwl_tmp_folder/my_dag_manual__2023-08-07T04_07_19.354670_00_00_kuvdvw_0/echo/echo_step_workflow.cwl' to 'file:///Users/john.mcauliffe/documents/project1/cwl_tmp_folder/my_dag_manual__2023-08-07T04_07_19.354670_00_00_kuvdvw_0/echo/echo_step_workflow.cwl'
[2023-08-07 04:07:27,269] {workflow_job.py:787} INFO - [workflow ] start
[2023-08-07 04:07:27,271] {workflow_job.py:626} INFO - [workflow ] starting step echo
[2023-08-07 04:07:27,274] {workflow_job.py:74} INFO - [step echo] start
[2023-08-07 04:07:27,295] {job.py:259} INFO - [job echo] /Users/john.mcauliffe/documents/project1/cwl_tmp_folder/my_dag_manual__2023-08-07T04_07_19.354670_00_00_kuvdvw_0/echo/echo_step_cache/5fwqefdh$ echo \
    hello_world > /Users/john.mcauliffe/documents/project1/cwl_tmp_folder/my_dag_manual__2023-08-07T04_07_19.354670_00_00_kuvdvw_0/echo/echo_step_cache/5fwqefdh/output.txt
[2023-08-07 04:07:27,324] {job.py:403} INFO - [job echo] completed success
[2023-08-07 04:07:27,325] {workflow_job.py:587} INFO - [step echo] completed success
[2023-08-07 04:07:27,327] {workflow_job.py:549} INFO - [workflow ] completed success

[2023-08-07 04:07:27,656] {local_task_job.py:261} INFO - 1 downstream tasks scheduled from follow-on schedule check
