[2023-08-08 20:19:57,302] {taskinstance.py:903} INFO - Dependencies all met for <TaskInstance: my_dag.CWLJobGatherer 2023-08-08T20:19:38.560077+00:00 [queued]>
[2023-08-08 20:19:57,313] {taskinstance.py:903} INFO - Dependencies all met for <TaskInstance: my_dag.CWLJobGatherer 2023-08-08T20:19:38.560077+00:00 [queued]>
[2023-08-08 20:19:57,315] {taskinstance.py:1095} INFO - 
--------------------------------------------------------------------------------
[2023-08-08 20:19:57,316] {taskinstance.py:1096} INFO - Starting attempt 1 of 1
[2023-08-08 20:19:57,318] {taskinstance.py:1097} INFO - 
--------------------------------------------------------------------------------
[2023-08-08 20:19:57,340] {taskinstance.py:1115} INFO - Executing <Task(CWLJobGatherer): CWLJobGatherer> on 2023-08-08T20:19:38.560077+00:00
[2023-08-08 20:19:57,345] {standard_task_runner.py:52} INFO - Started process 379 to run task
[2023-08-08 20:19:57,351] {standard_task_runner.py:76} INFO - Running: ['***', 'tasks', 'run', 'my_dag', 'CWLJobGatherer', '2023-08-08T20:19:38.560077+00:00', '--job-id', '11', '--pool', 'default_pool', '--raw', '--subdir', 'DAGS_FOLDER/clean_dag_run.py', '--cfg-path', '/tmp/tmpqzoikmd5', '--error-file', '/tmp/tmpldtg7ybx']
[2023-08-08 20:19:57,353] {standard_task_runner.py:77} INFO - Job 11: Subtask CWLJobGatherer
[2023-08-08 20:19:57,432] {logging_mixin.py:109} INFO - Running <TaskInstance: my_dag.CWLJobGatherer 2023-08-08T20:19:38.560077+00:00 [running]> on host 6bdaf17f77fb
[2023-08-08 20:19:57,532] {taskinstance.py:1252} INFO - Exporting the following env vars:
AIRFLOW_CTX_DAG_OWNER=***
AIRFLOW_CTX_DAG_ID=my_dag
AIRFLOW_CTX_TASK_ID=CWLJobGatherer
AIRFLOW_CTX_EXECUTION_DATE=2023-08-08T20:19:38.560077+00:00
AIRFLOW_CTX_DAG_RUN_ID=manual__2023-08-08T20:19:38.560077+00:00
[2023-08-08 20:19:57,710] {taskinstance.py:1212} INFO - Marking task as SUCCESS. dag_id=my_dag, task_id=CWLJobGatherer, execution_date=20230808T201938, start_date=20230808T201957, end_date=20230808T201957
[2023-08-08 20:19:57,766] {local_task_job.py:151} INFO - Task exited with return code 0
[2023-08-08 20:19:57,954] {report.py:61} INFO - CWL LOGS
[2023-08-08 20:19:57,956] {report.py:62} INFO - *** Reading local file: /Users/john.mcauliffe/documents/project1/logs/my_dag/CWLJobGatherer/2023-08-08T20:19:38.560077+00:00/1.log.cwl

[2023-08-08 20:19:57,984] {local_task_job.py:261} INFO - 0 downstream tasks scheduled from follow-on schedule check
