[2023-08-08 20:19:52,261] {taskinstance.py:903} INFO - Dependencies all met for <TaskInstance: my_dag.reverse 2023-08-08T20:19:38.560077+00:00 [queued]>
[2023-08-08 20:19:52,272] {taskinstance.py:903} INFO - Dependencies all met for <TaskInstance: my_dag.reverse 2023-08-08T20:19:38.560077+00:00 [queued]>
[2023-08-08 20:19:52,274] {taskinstance.py:1095} INFO - 
--------------------------------------------------------------------------------
[2023-08-08 20:19:52,275] {taskinstance.py:1096} INFO - Starting attempt 1 of 1
[2023-08-08 20:19:52,276] {taskinstance.py:1097} INFO - 
--------------------------------------------------------------------------------
[2023-08-08 20:19:52,303] {taskinstance.py:1115} INFO - Executing <Task(CWLStepOperator): reverse> on 2023-08-08T20:19:38.560077+00:00
[2023-08-08 20:19:52,307] {standard_task_runner.py:52} INFO - Started process 345 to run task
[2023-08-08 20:19:52,317] {standard_task_runner.py:76} INFO - Running: ['***', 'tasks', 'run', 'my_dag', 'reverse', '2023-08-08T20:19:38.560077+00:00', '--job-id', '10', '--pool', 'default_pool', '--raw', '--subdir', 'DAGS_FOLDER/clean_dag_run.py', '--cfg-path', '/tmp/tmphrhy55xn', '--error-file', '/tmp/tmpla_a_z1u']
[2023-08-08 20:19:52,320] {standard_task_runner.py:77} INFO - Job 10: Subtask reverse
[2023-08-08 20:19:52,420] {logging_mixin.py:109} INFO - Running <TaskInstance: my_dag.reverse 2023-08-08T20:19:38.560077+00:00 [running]> on host 6bdaf17f77fb
[2023-08-08 20:19:52,545] {taskinstance.py:1252} INFO - Exporting the following env vars:
AIRFLOW_CTX_DAG_OWNER=***
AIRFLOW_CTX_DAG_ID=my_dag
AIRFLOW_CTX_TASK_ID=reverse
AIRFLOW_CTX_EXECUTION_DATE=2023-08-08T20:19:38.560077+00:00
AIRFLOW_CTX_DAG_RUN_ID=manual__2023-08-08T20:19:38.560077+00:00
[2023-08-08 20:19:56,339] {taskinstance.py:1212} INFO - Marking task as SUCCESS. dag_id=my_dag, task_id=reverse, execution_date=20230808T201938, start_date=20230808T201952, end_date=20230808T201956
[2023-08-08 20:19:56,401] {local_task_job.py:151} INFO - Task exited with return code 0
[2023-08-08 20:19:56,544] {report.py:61} INFO - CWL LOGS
[2023-08-08 20:19:56,545] {report.py:62} INFO - *** Reading local file: /Users/john.mcauliffe/documents/project1/logs/my_dag/reverse/2023-08-08T20:19:38.560077+00:00/1.log.cwl
[2023-08-08 20:19:52,892] {load_tool.py:101} INFO - Resolved '/Users/john.mcauliffe/documents/project1/cwl_tmp_folder/my_dag_manual__2023-08-08T20_19_38.560077_00_00_yxszm_jt/reverse/reverse_step_workflow.cwl' to 'file:///Users/john.mcauliffe/documents/project1/cwl_tmp_folder/my_dag_manual__2023-08-08T20_19_38.560077_00_00_yxszm_jt/reverse/reverse_step_workflow.cwl'
[2023-08-08 20:19:55,248] {workflow_job.py:787} INFO - [workflow ] start
[2023-08-08 20:19:55,250] {workflow_job.py:626} INFO - [workflow ] starting step reverse
[2023-08-08 20:19:55,252] {workflow_job.py:74} INFO - [step reverse] start
[2023-08-08 20:19:56,270] {workflow_job.py:587} INFO - [step reverse] completed success
[2023-08-08 20:19:56,272] {workflow_job.py:549} INFO - [workflow ] completed success

[2023-08-08 20:19:56,576] {local_task_job.py:261} INFO - 1 downstream tasks scheduled from follow-on schedule check
