[2023-08-07 04:07:20,867] {taskinstance.py:903} INFO - Dependencies all met for <TaskInstance: my_dag.CWLJobDispatcher 2023-08-07T04:07:19.354670+00:00 [queued]>
[2023-08-07 04:07:20,894] {taskinstance.py:903} INFO - Dependencies all met for <TaskInstance: my_dag.CWLJobDispatcher 2023-08-07T04:07:19.354670+00:00 [queued]>
[2023-08-07 04:07:20,895] {taskinstance.py:1095} INFO - 
--------------------------------------------------------------------------------
[2023-08-07 04:07:20,896] {taskinstance.py:1096} INFO - Starting attempt 1 of 1
[2023-08-07 04:07:20,897] {taskinstance.py:1097} INFO - 
--------------------------------------------------------------------------------
[2023-08-07 04:07:20,911] {taskinstance.py:1115} INFO - Executing <Task(CWLJobDispatcher): CWLJobDispatcher> on 2023-08-07T04:07:19.354670+00:00
[2023-08-07 04:07:20,916] {standard_task_runner.py:52} INFO - Started process 2194 to run task
[2023-08-07 04:07:20,920] {standard_task_runner.py:76} INFO - Running: ['***', 'tasks', 'run', 'my_dag', 'CWLJobDispatcher', '2023-08-07T04:07:19.354670+00:00', '--job-id', '2', '--pool', 'default_pool', '--raw', '--subdir', 'DAGS_FOLDER/clean_dag_run.py', '--cfg-path', '/tmp/tmpqoaqupg9', '--error-file', '/tmp/tmpxf5efafa']
[2023-08-07 04:07:20,922] {standard_task_runner.py:77} INFO - Job 2: Subtask CWLJobDispatcher
[2023-08-07 04:07:21,003] {logging_mixin.py:109} INFO - Running <TaskInstance: my_dag.CWLJobDispatcher 2023-08-07T04:07:19.354670+00:00 [running]> on host 6bdaf17f77fb
[2023-08-07 04:07:21,121] {taskinstance.py:1252} INFO - Exporting the following env vars:
AIRFLOW_CTX_DAG_OWNER=***
AIRFLOW_CTX_DAG_ID=my_dag
AIRFLOW_CTX_TASK_ID=CWLJobDispatcher
AIRFLOW_CTX_EXECUTION_DATE=2023-08-07T04:07:19.354670+00:00
AIRFLOW_CTX_DAG_RUN_ID=manual__2023-08-07T04:07:19.354670+00:00
[2023-08-07 04:07:21,179] {logging_mixin.py:109} INFO - <DagRun my_dag @ 2023-08-07 04:07:19.354670+00:00: manual__2023-08-07T04:07:19.354670+00:00, externally triggered: True>
[2023-08-07 04:07:23,656] {logging_mixin.py:109} INFO - job success
[2023-08-07 04:07:23,775] {taskinstance.py:1212} INFO - Marking task as SUCCESS. dag_id=my_dag, task_id=CWLJobDispatcher, execution_date=20230807T040719, start_date=20230807T040720, end_date=20230807T040723
[2023-08-07 04:07:23,847] {local_task_job.py:151} INFO - Task exited with return code 0
[2023-08-07 04:07:23,991] {report.py:61} INFO - CWL LOGS
[2023-08-07 04:07:23,992] {report.py:62} INFO - *** Reading local file: /Users/john.mcauliffe/documents/project1/logs/my_dag/CWLJobDispatcher/2023-08-07T04:07:19.354670+00:00/1.log.cwl
[2023-08-07 04:07:21,203] {load_tool.py:101} INFO - Resolved '/Users/john.mcauliffe/documents/project1/dag_storage/new_dag.cwl' to 'file:///Users/john.mcauliffe/documents/project1/dag_storage/new_dag.cwl'

[2023-08-07 04:07:24,019] {local_task_job.py:261} INFO - 1 downstream tasks scheduled from follow-on schedule check
