[2023-08-08 20:12:12,774] {processor.py:162} INFO - Started process (PID=196) to work on /Users/john.mcauliffe/documents/project1/dags/clean_dag_run.py
[2023-08-08 20:12:12,780] {processor.py:613} INFO - Processing file /Users/john.mcauliffe/documents/project1/dags/clean_dag_run.py for tasks to queue
[2023-08-08 20:12:12,784] {logging_mixin.py:109} INFO - [2023-08-08 20:12:12,784] {dagbag.py:496} INFO - Filling up the DagBag from /Users/john.mcauliffe/documents/project1/dags/clean_dag_run.py
[2023-08-08 20:12:13,341] {processor.py:623} INFO - DAG(s) dict_keys(['clean_dag_run']) retrieved from /Users/john.mcauliffe/documents/project1/dags/clean_dag_run.py
[2023-08-08 20:12:13,570] {logging_mixin.py:109} INFO - [2023-08-08 20:12:13,569] {dag.py:1834} INFO - Sync 1 DAGs
[2023-08-08 20:12:13,583] {logging_mixin.py:109} INFO - [2023-08-08 20:12:13,583] {dag.py:2287} INFO - Setting next_dagrun for clean_dag_run to None
[2023-08-08 20:12:13,600] {processor.py:170} INFO - Processing /Users/john.mcauliffe/documents/project1/dags/clean_dag_run.py took 0.825 seconds
[2023-08-08 20:12:43,695] {processor.py:162} INFO - Started process (PID=201) to work on /Users/john.mcauliffe/documents/project1/dags/clean_dag_run.py
[2023-08-08 20:12:43,698] {processor.py:613} INFO - Processing file /Users/john.mcauliffe/documents/project1/dags/clean_dag_run.py for tasks to queue
[2023-08-08 20:12:43,700] {logging_mixin.py:109} INFO - [2023-08-08 20:12:43,700] {dagbag.py:496} INFO - Filling up the DagBag from /Users/john.mcauliffe/documents/project1/dags/clean_dag_run.py
[2023-08-08 20:12:44,068] {processor.py:623} INFO - DAG(s) dict_keys(['clean_dag_run']) retrieved from /Users/john.mcauliffe/documents/project1/dags/clean_dag_run.py
[2023-08-08 20:12:44,103] {logging_mixin.py:109} INFO - [2023-08-08 20:12:44,103] {dag.py:1834} INFO - Sync 1 DAGs
[2023-08-08 20:12:44,120] {logging_mixin.py:109} INFO - [2023-08-08 20:12:44,120] {dag.py:2287} INFO - Setting next_dagrun for clean_dag_run to None
[2023-08-08 20:12:44,142] {processor.py:170} INFO - Processing /Users/john.mcauliffe/documents/project1/dags/clean_dag_run.py took 0.450 seconds
[2023-08-08 20:13:14,222] {processor.py:162} INFO - Started process (PID=206) to work on /Users/john.mcauliffe/documents/project1/dags/clean_dag_run.py
[2023-08-08 20:13:14,225] {processor.py:613} INFO - Processing file /Users/john.mcauliffe/documents/project1/dags/clean_dag_run.py for tasks to queue
[2023-08-08 20:13:14,228] {logging_mixin.py:109} INFO - [2023-08-08 20:13:14,227] {dagbag.py:496} INFO - Filling up the DagBag from /Users/john.mcauliffe/documents/project1/dags/clean_dag_run.py
[2023-08-08 20:13:14,603] {processor.py:623} INFO - DAG(s) dict_keys(['clean_dag_run']) retrieved from /Users/john.mcauliffe/documents/project1/dags/clean_dag_run.py
[2023-08-08 20:13:14,649] {logging_mixin.py:109} INFO - [2023-08-08 20:13:14,649] {dag.py:1834} INFO - Sync 1 DAGs
[2023-08-08 20:13:14,665] {logging_mixin.py:109} INFO - [2023-08-08 20:13:14,665] {dag.py:2287} INFO - Setting next_dagrun for clean_dag_run to None
[2023-08-08 20:13:14,684] {processor.py:170} INFO - Processing /Users/john.mcauliffe/documents/project1/dags/clean_dag_run.py took 0.467 seconds
[2023-08-08 20:13:44,764] {processor.py:162} INFO - Started process (PID=211) to work on /Users/john.mcauliffe/documents/project1/dags/clean_dag_run.py
[2023-08-08 20:13:44,766] {processor.py:613} INFO - Processing file /Users/john.mcauliffe/documents/project1/dags/clean_dag_run.py for tasks to queue
[2023-08-08 20:13:44,768] {logging_mixin.py:109} INFO - [2023-08-08 20:13:44,768] {dagbag.py:496} INFO - Filling up the DagBag from /Users/john.mcauliffe/documents/project1/dags/clean_dag_run.py
[2023-08-08 20:13:45,112] {processor.py:623} INFO - DAG(s) dict_keys(['clean_dag_run']) retrieved from /Users/john.mcauliffe/documents/project1/dags/clean_dag_run.py
[2023-08-08 20:13:45,156] {logging_mixin.py:109} INFO - [2023-08-08 20:13:45,155] {dag.py:1834} INFO - Sync 1 DAGs
[2023-08-08 20:13:45,172] {logging_mixin.py:109} INFO - [2023-08-08 20:13:45,172] {dag.py:2287} INFO - Setting next_dagrun for clean_dag_run to None
[2023-08-08 20:13:45,191] {processor.py:170} INFO - Processing /Users/john.mcauliffe/documents/project1/dags/clean_dag_run.py took 0.430 seconds
[2023-08-08 20:14:14,870] {processor.py:162} INFO - Started process (PID=216) to work on /Users/john.mcauliffe/documents/project1/dags/clean_dag_run.py
[2023-08-08 20:14:14,872] {processor.py:613} INFO - Processing file /Users/john.mcauliffe/documents/project1/dags/clean_dag_run.py for tasks to queue
[2023-08-08 20:14:14,874] {logging_mixin.py:109} INFO - [2023-08-08 20:14:14,873] {dagbag.py:496} INFO - Filling up the DagBag from /Users/john.mcauliffe/documents/project1/dags/clean_dag_run.py
[2023-08-08 20:14:15,222] {processor.py:623} INFO - DAG(s) dict_keys(['my_dag']) retrieved from /Users/john.mcauliffe/documents/project1/dags/clean_dag_run.py
[2023-08-08 20:14:15,259] {logging_mixin.py:109} INFO - [2023-08-08 20:14:15,259] {dag.py:1834} INFO - Sync 1 DAGs
[2023-08-08 20:14:15,269] {logging_mixin.py:109} INFO - [2023-08-08 20:14:15,269] {dag.py:2287} INFO - Setting next_dagrun for my_dag to None
[2023-08-08 20:14:15,286] {processor.py:170} INFO - Processing /Users/john.mcauliffe/documents/project1/dags/clean_dag_run.py took 0.418 seconds
[2023-08-08 20:14:28,358] {processor.py:162} INFO - Started process (PID=221) to work on /Users/john.mcauliffe/documents/project1/dags/clean_dag_run.py
[2023-08-08 20:14:28,362] {processor.py:613} INFO - Processing file /Users/john.mcauliffe/documents/project1/dags/clean_dag_run.py for tasks to queue
[2023-08-08 20:14:28,364] {logging_mixin.py:109} INFO - [2023-08-08 20:14:28,364] {dagbag.py:496} INFO - Filling up the DagBag from /Users/john.mcauliffe/documents/project1/dags/clean_dag_run.py
[2023-08-08 20:14:28,969] {processor.py:623} INFO - DAG(s) dict_keys(['my_dag']) retrieved from /Users/john.mcauliffe/documents/project1/dags/clean_dag_run.py
[2023-08-08 20:14:29,025] {logging_mixin.py:109} INFO - [2023-08-08 20:14:29,025] {dag.py:1834} INFO - Sync 1 DAGs
[2023-08-08 20:14:29,036] {logging_mixin.py:109} INFO - [2023-08-08 20:14:29,036] {dag.py:2287} INFO - Setting next_dagrun for my_dag to None
[2023-08-08 20:14:29,052] {processor.py:170} INFO - Processing /Users/john.mcauliffe/documents/project1/dags/clean_dag_run.py took 0.700 seconds
[2023-08-08 20:14:59,140] {processor.py:162} INFO - Started process (PID=226) to work on /Users/john.mcauliffe/documents/project1/dags/clean_dag_run.py
[2023-08-08 20:14:59,142] {processor.py:613} INFO - Processing file /Users/john.mcauliffe/documents/project1/dags/clean_dag_run.py for tasks to queue
[2023-08-08 20:14:59,144] {logging_mixin.py:109} INFO - [2023-08-08 20:14:59,144] {dagbag.py:496} INFO - Filling up the DagBag from /Users/john.mcauliffe/documents/project1/dags/clean_dag_run.py
[2023-08-08 20:14:59,469] {processor.py:623} INFO - DAG(s) dict_keys(['my_dag']) retrieved from /Users/john.mcauliffe/documents/project1/dags/clean_dag_run.py
[2023-08-08 20:14:59,506] {logging_mixin.py:109} INFO - [2023-08-08 20:14:59,505] {dag.py:1834} INFO - Sync 1 DAGs
[2023-08-08 20:14:59,517] {logging_mixin.py:109} INFO - [2023-08-08 20:14:59,516] {dag.py:2287} INFO - Setting next_dagrun for my_dag to None
[2023-08-08 20:14:59,528] {processor.py:170} INFO - Processing /Users/john.mcauliffe/documents/project1/dags/clean_dag_run.py took 0.391 seconds
[2023-08-08 20:15:29,577] {processor.py:162} INFO - Started process (PID=231) to work on /Users/john.mcauliffe/documents/project1/dags/clean_dag_run.py
[2023-08-08 20:15:29,579] {processor.py:613} INFO - Processing file /Users/john.mcauliffe/documents/project1/dags/clean_dag_run.py for tasks to queue
[2023-08-08 20:15:29,581] {logging_mixin.py:109} INFO - [2023-08-08 20:15:29,581] {dagbag.py:496} INFO - Filling up the DagBag from /Users/john.mcauliffe/documents/project1/dags/clean_dag_run.py
[2023-08-08 20:15:30,058] {processor.py:623} INFO - DAG(s) dict_keys(['my_dag']) retrieved from /Users/john.mcauliffe/documents/project1/dags/clean_dag_run.py
[2023-08-08 20:15:30,097] {logging_mixin.py:109} INFO - [2023-08-08 20:15:30,096] {dag.py:1834} INFO - Sync 1 DAGs
[2023-08-08 20:15:30,110] {logging_mixin.py:109} INFO - [2023-08-08 20:15:30,110] {dag.py:2287} INFO - Setting next_dagrun for my_dag to None
[2023-08-08 20:15:30,128] {processor.py:170} INFO - Processing /Users/john.mcauliffe/documents/project1/dags/clean_dag_run.py took 0.554 seconds
[2023-08-08 20:16:00,213] {processor.py:162} INFO - Started process (PID=236) to work on /Users/john.mcauliffe/documents/project1/dags/clean_dag_run.py
[2023-08-08 20:16:00,216] {processor.py:613} INFO - Processing file /Users/john.mcauliffe/documents/project1/dags/clean_dag_run.py for tasks to queue
[2023-08-08 20:16:00,217] {logging_mixin.py:109} INFO - [2023-08-08 20:16:00,217] {dagbag.py:496} INFO - Filling up the DagBag from /Users/john.mcauliffe/documents/project1/dags/clean_dag_run.py
[2023-08-08 20:16:00,564] {processor.py:623} INFO - DAG(s) dict_keys(['my_dag']) retrieved from /Users/john.mcauliffe/documents/project1/dags/clean_dag_run.py
[2023-08-08 20:16:00,618] {logging_mixin.py:109} INFO - [2023-08-08 20:16:00,618] {dag.py:1834} INFO - Sync 1 DAGs
[2023-08-08 20:16:00,627] {logging_mixin.py:109} INFO - [2023-08-08 20:16:00,627] {dag.py:2287} INFO - Setting next_dagrun for my_dag to None
[2023-08-08 20:16:00,638] {processor.py:170} INFO - Processing /Users/john.mcauliffe/documents/project1/dags/clean_dag_run.py took 0.428 seconds
[2023-08-08 20:16:30,736] {processor.py:162} INFO - Started process (PID=241) to work on /Users/john.mcauliffe/documents/project1/dags/clean_dag_run.py
[2023-08-08 20:16:30,739] {processor.py:613} INFO - Processing file /Users/john.mcauliffe/documents/project1/dags/clean_dag_run.py for tasks to queue
[2023-08-08 20:16:30,742] {logging_mixin.py:109} INFO - [2023-08-08 20:16:30,741] {dagbag.py:496} INFO - Filling up the DagBag from /Users/john.mcauliffe/documents/project1/dags/clean_dag_run.py
[2023-08-08 20:16:31,209] {processor.py:623} INFO - DAG(s) dict_keys(['my_dag']) retrieved from /Users/john.mcauliffe/documents/project1/dags/clean_dag_run.py
[2023-08-08 20:16:31,242] {logging_mixin.py:109} INFO - [2023-08-08 20:16:31,241] {dag.py:1834} INFO - Sync 1 DAGs
[2023-08-08 20:16:31,251] {logging_mixin.py:109} INFO - [2023-08-08 20:16:31,251] {dag.py:2287} INFO - Setting next_dagrun for my_dag to None
[2023-08-08 20:16:31,262] {processor.py:170} INFO - Processing /Users/john.mcauliffe/documents/project1/dags/clean_dag_run.py took 0.529 seconds
[2023-08-08 20:17:01,348] {processor.py:162} INFO - Started process (PID=246) to work on /Users/john.mcauliffe/documents/project1/dags/clean_dag_run.py
[2023-08-08 20:17:01,351] {processor.py:613} INFO - Processing file /Users/john.mcauliffe/documents/project1/dags/clean_dag_run.py for tasks to queue
[2023-08-08 20:17:01,353] {logging_mixin.py:109} INFO - [2023-08-08 20:17:01,353] {dagbag.py:496} INFO - Filling up the DagBag from /Users/john.mcauliffe/documents/project1/dags/clean_dag_run.py
[2023-08-08 20:17:01,687] {processor.py:623} INFO - DAG(s) dict_keys(['my_dag']) retrieved from /Users/john.mcauliffe/documents/project1/dags/clean_dag_run.py
[2023-08-08 20:17:01,725] {logging_mixin.py:109} INFO - [2023-08-08 20:17:01,725] {dag.py:1834} INFO - Sync 1 DAGs
[2023-08-08 20:17:01,732] {logging_mixin.py:109} INFO - [2023-08-08 20:17:01,732] {dag.py:2287} INFO - Setting next_dagrun for my_dag to None
[2023-08-08 20:17:01,742] {processor.py:170} INFO - Processing /Users/john.mcauliffe/documents/project1/dags/clean_dag_run.py took 0.398 seconds
[2023-08-08 20:17:31,860] {processor.py:162} INFO - Started process (PID=251) to work on /Users/john.mcauliffe/documents/project1/dags/clean_dag_run.py
[2023-08-08 20:17:31,862] {processor.py:613} INFO - Processing file /Users/john.mcauliffe/documents/project1/dags/clean_dag_run.py for tasks to queue
[2023-08-08 20:17:31,863] {logging_mixin.py:109} INFO - [2023-08-08 20:17:31,863] {dagbag.py:496} INFO - Filling up the DagBag from /Users/john.mcauliffe/documents/project1/dags/clean_dag_run.py
[2023-08-08 20:17:32,207] {processor.py:623} INFO - DAG(s) dict_keys(['my_dag']) retrieved from /Users/john.mcauliffe/documents/project1/dags/clean_dag_run.py
[2023-08-08 20:17:32,246] {logging_mixin.py:109} INFO - [2023-08-08 20:17:32,246] {dag.py:1834} INFO - Sync 1 DAGs
[2023-08-08 20:17:32,254] {logging_mixin.py:109} INFO - [2023-08-08 20:17:32,254] {dag.py:2287} INFO - Setting next_dagrun for my_dag to None
[2023-08-08 20:17:32,264] {processor.py:170} INFO - Processing /Users/john.mcauliffe/documents/project1/dags/clean_dag_run.py took 0.406 seconds
[2023-08-08 20:18:02,346] {processor.py:162} INFO - Started process (PID=256) to work on /Users/john.mcauliffe/documents/project1/dags/clean_dag_run.py
[2023-08-08 20:18:02,348] {processor.py:613} INFO - Processing file /Users/john.mcauliffe/documents/project1/dags/clean_dag_run.py for tasks to queue
[2023-08-08 20:18:02,350] {logging_mixin.py:109} INFO - [2023-08-08 20:18:02,350] {dagbag.py:496} INFO - Filling up the DagBag from /Users/john.mcauliffe/documents/project1/dags/clean_dag_run.py
[2023-08-08 20:18:02,749] {processor.py:623} INFO - DAG(s) dict_keys(['my_dag']) retrieved from /Users/john.mcauliffe/documents/project1/dags/clean_dag_run.py
[2023-08-08 20:18:02,791] {logging_mixin.py:109} INFO - [2023-08-08 20:18:02,791] {dag.py:1834} INFO - Sync 1 DAGs
[2023-08-08 20:18:02,803] {logging_mixin.py:109} INFO - [2023-08-08 20:18:02,803] {dag.py:2287} INFO - Setting next_dagrun for my_dag to None
[2023-08-08 20:18:02,819] {processor.py:170} INFO - Processing /Users/john.mcauliffe/documents/project1/dags/clean_dag_run.py took 0.476 seconds
[2023-08-08 20:18:32,908] {processor.py:162} INFO - Started process (PID=261) to work on /Users/john.mcauliffe/documents/project1/dags/clean_dag_run.py
[2023-08-08 20:18:32,912] {processor.py:613} INFO - Processing file /Users/john.mcauliffe/documents/project1/dags/clean_dag_run.py for tasks to queue
[2023-08-08 20:18:32,914] {logging_mixin.py:109} INFO - [2023-08-08 20:18:32,914] {dagbag.py:496} INFO - Filling up the DagBag from /Users/john.mcauliffe/documents/project1/dags/clean_dag_run.py
[2023-08-08 20:18:33,293] {processor.py:623} INFO - DAG(s) dict_keys(['my_dag']) retrieved from /Users/john.mcauliffe/documents/project1/dags/clean_dag_run.py
[2023-08-08 20:18:33,339] {logging_mixin.py:109} INFO - [2023-08-08 20:18:33,339] {dag.py:1834} INFO - Sync 1 DAGs
[2023-08-08 20:18:33,349] {logging_mixin.py:109} INFO - [2023-08-08 20:18:33,349] {dag.py:2287} INFO - Setting next_dagrun for my_dag to None
[2023-08-08 20:18:33,363] {processor.py:170} INFO - Processing /Users/john.mcauliffe/documents/project1/dags/clean_dag_run.py took 0.457 seconds
[2023-08-08 20:19:03,451] {processor.py:162} INFO - Started process (PID=266) to work on /Users/john.mcauliffe/documents/project1/dags/clean_dag_run.py
[2023-08-08 20:19:03,454] {processor.py:613} INFO - Processing file /Users/john.mcauliffe/documents/project1/dags/clean_dag_run.py for tasks to queue
[2023-08-08 20:19:03,456] {logging_mixin.py:109} INFO - [2023-08-08 20:19:03,455] {dagbag.py:496} INFO - Filling up the DagBag from /Users/john.mcauliffe/documents/project1/dags/clean_dag_run.py
[2023-08-08 20:19:03,862] {processor.py:623} INFO - DAG(s) dict_keys(['my_dag']) retrieved from /Users/john.mcauliffe/documents/project1/dags/clean_dag_run.py
[2023-08-08 20:19:03,906] {logging_mixin.py:109} INFO - [2023-08-08 20:19:03,905] {dag.py:1834} INFO - Sync 1 DAGs
[2023-08-08 20:19:03,917] {logging_mixin.py:109} INFO - [2023-08-08 20:19:03,917] {dag.py:2287} INFO - Setting next_dagrun for my_dag to None
[2023-08-08 20:19:03,931] {processor.py:170} INFO - Processing /Users/john.mcauliffe/documents/project1/dags/clean_dag_run.py took 0.484 seconds
[2023-08-08 20:19:06,219] {processor.py:162} INFO - Started process (PID=272) to work on /Users/john.mcauliffe/documents/project1/dags/clean_dag_run.py
[2023-08-08 20:19:06,221] {processor.py:613} INFO - Processing file /Users/john.mcauliffe/documents/project1/dags/clean_dag_run.py for tasks to queue
[2023-08-08 20:19:06,223] {logging_mixin.py:109} INFO - [2023-08-08 20:19:06,223] {dagbag.py:496} INFO - Filling up the DagBag from /Users/john.mcauliffe/documents/project1/dags/clean_dag_run.py
[2023-08-08 20:19:06,623] {processor.py:623} INFO - DAG(s) dict_keys(['my_dag']) retrieved from /Users/john.mcauliffe/documents/project1/dags/clean_dag_run.py
[2023-08-08 20:19:06,664] {logging_mixin.py:109} INFO - [2023-08-08 20:19:06,664] {dag.py:1834} INFO - Sync 1 DAGs
[2023-08-08 20:19:06,676] {logging_mixin.py:109} INFO - [2023-08-08 20:19:06,676] {dag.py:2287} INFO - Setting next_dagrun for my_dag to None
[2023-08-08 20:19:06,687] {processor.py:170} INFO - Processing /Users/john.mcauliffe/documents/project1/dags/clean_dag_run.py took 0.472 seconds
[2023-08-08 20:19:06,987] {processor.py:162} INFO - Started process (PID=277) to work on /Users/john.mcauliffe/documents/project1/dags/clean_dag_run.py
[2023-08-08 20:19:06,990] {processor.py:613} INFO - Processing file /Users/john.mcauliffe/documents/project1/dags/clean_dag_run.py for tasks to queue
[2023-08-08 20:19:06,992] {logging_mixin.py:109} INFO - [2023-08-08 20:19:06,992] {dagbag.py:496} INFO - Filling up the DagBag from /Users/john.mcauliffe/documents/project1/dags/clean_dag_run.py
[2023-08-08 20:19:07,360] {processor.py:623} INFO - DAG(s) dict_keys(['my_dag']) retrieved from /Users/john.mcauliffe/documents/project1/dags/clean_dag_run.py
[2023-08-08 20:19:07,362] {processor.py:549} ERROR - Error executing DagCallbackRequest callback for file: /Users/john.mcauliffe/documents/project1/dags/clean_dag_run.py
Traceback (most recent call last):
  File "/usr/local/lib/python3.8/site-packages/airflow/dag_processing/processor.py", line 547, in execute_callbacks
    self._execute_dag_callbacks(dagbag, request, session)
  File "/usr/local/lib/python3.8/site-packages/airflow/utils/session.py", line 67, in wrapper
    return func(*args, **kwargs)
  File "/usr/local/lib/python3.8/site-packages/airflow/dag_processing/processor.py", line 559, in _execute_dag_callbacks
    dag = dagbag.dags[request.dag_id]
KeyError: 'clean_dag_run'
[2023-08-08 20:19:07,408] {logging_mixin.py:109} INFO - [2023-08-08 20:19:07,407] {dag.py:1834} INFO - Sync 1 DAGs
[2023-08-08 20:19:07,420] {logging_mixin.py:109} INFO - [2023-08-08 20:19:07,420] {dag.py:2287} INFO - Setting next_dagrun for my_dag to None
[2023-08-08 20:19:07,429] {processor.py:170} INFO - Processing /Users/john.mcauliffe/documents/project1/dags/clean_dag_run.py took 0.445 seconds
[2023-08-08 20:19:37,569] {processor.py:162} INFO - Started process (PID=282) to work on /Users/john.mcauliffe/documents/project1/dags/clean_dag_run.py
[2023-08-08 20:19:37,572] {processor.py:613} INFO - Processing file /Users/john.mcauliffe/documents/project1/dags/clean_dag_run.py for tasks to queue
[2023-08-08 20:19:37,574] {logging_mixin.py:109} INFO - [2023-08-08 20:19:37,574] {dagbag.py:496} INFO - Filling up the DagBag from /Users/john.mcauliffe/documents/project1/dags/clean_dag_run.py
[2023-08-08 20:19:37,949] {processor.py:623} INFO - DAG(s) dict_keys(['my_dag']) retrieved from /Users/john.mcauliffe/documents/project1/dags/clean_dag_run.py
[2023-08-08 20:19:37,995] {logging_mixin.py:109} INFO - [2023-08-08 20:19:37,995] {dag.py:1834} INFO - Sync 1 DAGs
[2023-08-08 20:19:38,010] {logging_mixin.py:109} INFO - [2023-08-08 20:19:38,010] {dag.py:2287} INFO - Setting next_dagrun for my_dag to None
[2023-08-08 20:19:38,023] {processor.py:170} INFO - Processing /Users/john.mcauliffe/documents/project1/dags/clean_dag_run.py took 0.457 seconds
[2023-08-08 20:19:58,660] {processor.py:162} INFO - Started process (PID=380) to work on /Users/john.mcauliffe/documents/project1/dags/clean_dag_run.py
[2023-08-08 20:19:58,662] {processor.py:613} INFO - Processing file /Users/john.mcauliffe/documents/project1/dags/clean_dag_run.py for tasks to queue
[2023-08-08 20:19:58,664] {logging_mixin.py:109} INFO - [2023-08-08 20:19:58,664] {dagbag.py:496} INFO - Filling up the DagBag from /Users/john.mcauliffe/documents/project1/dags/clean_dag_run.py
[2023-08-08 20:19:59,010] {processor.py:623} INFO - DAG(s) dict_keys(['my_dag']) retrieved from /Users/john.mcauliffe/documents/project1/dags/clean_dag_run.py
[2023-08-08 20:19:59,035] {logging_mixin.py:109} INFO - [2023-08-08 20:19:59,035] {dag.py:862} INFO - Executing dag callback function: <function dag_on_success at 0x7f9b0e38eee0>
[2023-08-08 20:19:59,281] {logging_mixin.py:109} INFO - [2023-08-08 20:19:59,278] {dag.py:871} ERROR - failed to invoke dag state update callback
Traceback (most recent call last):
  File "/usr/local/lib/python3.8/site-packages/airflow/models/dag.py", line 869, in handle_callback
    callback(context)
  File "/usr/local/lib/python3.8/site-packages/cwl_airflow/utilities/report.py", line 349, in dag_on_success
    clean_up(context)
  File "/usr/local/lib/python3.8/site-packages/cwl_airflow/utilities/report.py", line 318, in clean_up
    keep_tmp_data = has_failed_tasks(dag_run)
  File "/usr/local/lib/python3.8/site-packages/cwl_airflow/utilities/report.py", line 298, in has_failed_tasks
    return dag_run.get_task_instances(state=State.FAILED).exists()
AttributeError: 'list' object has no attribute 'exists'
[2023-08-08 20:19:59,295] {logging_mixin.py:109} INFO - [2023-08-08 20:19:59,295] {dag.py:1834} INFO - Sync 1 DAGs
[2023-08-08 20:19:59,303] {logging_mixin.py:109} INFO - [2023-08-08 20:19:59,303] {dag.py:2287} INFO - Setting next_dagrun for my_dag to None
[2023-08-08 20:19:59,315] {processor.py:170} INFO - Processing /Users/john.mcauliffe/documents/project1/dags/clean_dag_run.py took 0.658 seconds
[2023-08-08 20:20:29,398] {processor.py:162} INFO - Started process (PID=392) to work on /Users/john.mcauliffe/documents/project1/dags/clean_dag_run.py
[2023-08-08 20:20:29,401] {processor.py:613} INFO - Processing file /Users/john.mcauliffe/documents/project1/dags/clean_dag_run.py for tasks to queue
[2023-08-08 20:20:29,406] {logging_mixin.py:109} INFO - [2023-08-08 20:20:29,406] {dagbag.py:496} INFO - Filling up the DagBag from /Users/john.mcauliffe/documents/project1/dags/clean_dag_run.py
[2023-08-08 20:20:29,806] {processor.py:623} INFO - DAG(s) dict_keys(['my_dag']) retrieved from /Users/john.mcauliffe/documents/project1/dags/clean_dag_run.py
[2023-08-08 20:20:29,843] {logging_mixin.py:109} INFO - [2023-08-08 20:20:29,843] {dag.py:1834} INFO - Sync 1 DAGs
[2023-08-08 20:20:29,855] {logging_mixin.py:109} INFO - [2023-08-08 20:20:29,855] {dag.py:2287} INFO - Setting next_dagrun for my_dag to None
[2023-08-08 20:20:29,866] {processor.py:170} INFO - Processing /Users/john.mcauliffe/documents/project1/dags/clean_dag_run.py took 0.471 seconds
[2023-08-08 20:20:59,944] {processor.py:162} INFO - Started process (PID=397) to work on /Users/john.mcauliffe/documents/project1/dags/clean_dag_run.py
[2023-08-08 20:20:59,946] {processor.py:613} INFO - Processing file /Users/john.mcauliffe/documents/project1/dags/clean_dag_run.py for tasks to queue
[2023-08-08 20:20:59,948] {logging_mixin.py:109} INFO - [2023-08-08 20:20:59,948] {dagbag.py:496} INFO - Filling up the DagBag from /Users/john.mcauliffe/documents/project1/dags/clean_dag_run.py
[2023-08-08 20:21:00,306] {processor.py:623} INFO - DAG(s) dict_keys(['my_dag']) retrieved from /Users/john.mcauliffe/documents/project1/dags/clean_dag_run.py
[2023-08-08 20:21:00,341] {logging_mixin.py:109} INFO - [2023-08-08 20:21:00,341] {dag.py:1834} INFO - Sync 1 DAGs
[2023-08-08 20:21:00,349] {logging_mixin.py:109} INFO - [2023-08-08 20:21:00,349] {dag.py:2287} INFO - Setting next_dagrun for my_dag to None
[2023-08-08 20:21:00,358] {processor.py:170} INFO - Processing /Users/john.mcauliffe/documents/project1/dags/clean_dag_run.py took 0.417 seconds
